{"level":"info","message":"Server running on port 5000","timestamp":"2026-04-12T17:55:34.147Z"}
{"level":"info","message":"MongoDB connected: localhost","timestamp":"2026-04-12T17:55:34.214Z"}
{"code":"KYC_NOT_FOUND","level":"error","message":"KYC record not found or has expired","stack":"Error: KYC record not found or has expired\n    at Object.getKycData (C:\\Users\\HP\\Desktop\\ekybackend\\server\\src\\services\\kyc.service.js:166:11)\n    at process.processTicksAndRejections (node:internal/process/task_queues:104:5)\n    at async getKycData (C:\\Users\\HP\\Desktop\\ekybackend\\server\\src\\controllers\\kyc.controller.js:48:20)","statusCode":404,"timestamp":"2026-04-12T17:57:16.800Z"}
{"code":"VALIDATION_ERROR","level":"error","message":"Aadhaar number is required, Aadhaar must be 12 digits, Aadhaar must contain only numbers, Consent is required, Consent must be true or false","stack":"Error: Aadhaar number is required, Aadhaar must be 12 digits, Aadhaar must contain only numbers, Consent is required, Consent must be true or false\n    at validate (C:\\Users\\HP\\Desktop\\ekybackend\\server\\src\\middlewares\\validate.js:9:17)\n    at Layer.handleRequest (C:\\Users\\HP\\Desktop\\ekybackend\\server\\node_modules\\router\\lib\\layer.js:152:17)\n    at next (C:\\Users\\HP\\Desktop\\ekybackend\\server\\node_modules\\router\\lib\\route.js:157:13)\n    at middleware (C:\\Users\\HP\\Desktop\\ekybackend\\server\\node_modules\\express-validator\\lib\\middlewares\\check.js:16:13)\n    at process.processTicksAndRejections (node:internal/process/task_queues:104:5)","statusCode":422,"timestamp":"2026-04-12T18:02:31.885Z"}
{"code":"VALIDATION_ERROR","level":"error","message":"Aadhaar number is required, Aadhaar must be 12 digits, Aadhaar must contain only numbers, Consent is required, Consent must be true or false","stack":"Error: Aadhaar number is required, Aadhaar must be 12 digits, Aadhaar must contain only numbers, Consent is required, Consent must be true or false\n    at validate (C:\\Users\\HP\\Desktop\\ekybackend\\server\\src\\middlewares\\validate.js:9:17)\n    at Layer.handleRequest (C:\\Users\\HP\\Desktop\\ekybackend\\server\\node_modules\\router\\lib\\layer.js:152:17)\n    at next (C:\\Users\\HP\\Desktop\\ekybackend\\server\\node_modules\\router\\lib\\route.js:157:13)\n    at middleware (C:\\Users\\HP\\Desktop\\ekybackend\\server\\node_modules\\express-validator\\lib\\middlewares\\check.js:16:13)\n    at process.processTicksAndRejections (node:internal/process/task_queues:104:5)","statusCode":422,"timestamp":"2026-04-12T18:03:27.224Z"}
{"level":"debug","message":"[MOCK PROVIDER] OTP for 0123: 986743","timestamp":"2026-04-12T18:08:09.201Z"}
{"level":"info","message":"KYC initiated — txnId: TXN-1af86c0a-f5c3-4aa0-a8b1-445564138ce7","timestamp":"2026-04-12T18:08:09.229Z"}
{"level":"info","message":"Server running on port 5000","timestamp":"2026-04-13T03:53:42.832Z"}
{"level":"info","message":"MongoDB connected: localhost","timestamp":"2026-04-13T03:53:42.861Z"}
{"level":"debug","message":"[MOCK PROVIDER] OTP for 0123: 931580","timestamp":"2026-04-13T03:54:02.951Z"}
{"level":"info","message":"KYC initiated — txnId: TXN-2542e11e-e1f9-4bc9-a0bf-37bab3caba91","timestamp":"2026-04-13T03:54:03.045Z"}
{"level":"info","message":"KYC verified and stored — txnId: TXN-2542e11e-e1f9-4bc9-a0bf-37bab3caba91","timestamp":"2026-04-13T03:59:54.028Z"}
{"code":null,"level":"error","message":"Route /api/v1/kyc/data/%20%7B%7BTXN-2542e11e-e1f9-4bc9-a0bf-37bab3caba91%7D%7D not found","stack":"Error: Route /api/v1/kyc/data/%20%7B%7BTXN-2542e11e-e1f9-4bc9-a0bf-37bab3caba91%7D%7D not found\n    at C:\\Users\\HP\\Desktop\\ekybackend\\server\\src\\app.js:26:8\n    at Layer.handleRequest (C:\\Users\\HP\\Desktop\\ekybackend\\server\\node_modules\\router\\lib\\layer.js:152:17)\n    at trimPrefix (C:\\Users\\HP\\Desktop\\ekybackend\\server\\node_modules\\router\\index.js:342:13)\n    at C:\\Users\\HP\\Desktop\\ekybackend\\server\\node_modules\\router\\index.js:297:9\n    at processParams (C:\\Users\\HP\\Desktop\\ekybackend\\server\\node_modules\\router\\index.js:582:12)\n    at next (C:\\Users\\HP\\Desktop\\ekybackend\\server\\node_modules\\router\\index.js:291:5)\n    at C:\\Users\\HP\\Desktop\\ekybackend\\server\\node_modules\\router\\index.js:688:15\n    at next (C:\\Users\\HP\\Desktop\\ekybackend\\server\\node_modules\\router\\index.js:276:14)\n    at router.handle (C:\\Users\\HP\\Desktop\\ekybackend\\server\\node_modules\\router\\index.js:186:3)\n    at router (C:\\Users\\HP\\Desktop\\ekybackend\\server\\node_modules\\router\\index.js:60:12)","statusCode":404,"timestamp":"2026-04-13T04:01:47.379Z"}
{"code":null,"level":"error","message":"Route /api/v1/kyc/data/%20TXN-2542e11e-e1f9-4bc9-a0bf-37bab3caba91 not found","stack":"Error: Route /api/v1/kyc/data/%20TXN-2542e11e-e1f9-4bc9-a0bf-37bab3caba91 not found\n    at C:\\Users\\HP\\Desktop\\ekybackend\\server\\src\\app.js:26:8\n    at Layer.handleRequest (C:\\Users\\HP\\Desktop\\ekybackend\\server\\node_modules\\router\\lib\\layer.js:152:17)\n    at trimPrefix (C:\\Users\\HP\\Desktop\\ekybackend\\server\\node_modules\\router\\index.js:342:13)\n    at C:\\Users\\HP\\Desktop\\ekybackend\\server\\node_modules\\router\\index.js:297:9\n    at processParams (C:\\Users\\HP\\Desktop\\ekybackend\\server\\node_modules\\router\\index.js:582:12)\n    at next (C:\\Users\\HP\\Desktop\\ekybackend\\server\\node_modules\\router\\index.js:291:5)\n    at C:\\Users\\HP\\Desktop\\ekybackend\\server\\node_modules\\router\\index.js:688:15\n    at next (C:\\Users\\HP\\Desktop\\ekybackend\\server\\node_modules\\router\\index.js:276:14)\n    at router.handle (C:\\Users\\HP\\Desktop\\ekybackend\\server\\node_modules\\router\\index.js:186:3)\n    at router (C:\\Users\\HP\\Desktop\\ekybackend\\server\\node_modules\\router\\index.js:60:12)","statusCode":404,"timestamp":"2026-04-13T04:02:51.918Z"}
{"code":null,"level":"error","message":"Route /api/v1/kyc/data/%20TXN-2542e11e-e1f9-4bc9-a0bf-37bab3caba91 not found","stack":"Error: Route /api/v1/kyc/data/%20TXN-2542e11e-e1f9-4bc9-a0bf-37bab3caba91 not found\n    at C:\\Users\\HP\\Desktop\\ekybackend\\server\\src\\app.js:26:8\n    at Layer.handleRequest (C:\\Users\\HP\\Desktop\\ekybackend\\server\\node_modules\\router\\lib\\layer.js:152:17)\n    at trimPrefix (C:\\Users\\HP\\Desktop\\ekybackend\\server\\node_modules\\router\\index.js:342:13)\n    at C:\\Users\\HP\\Desktop\\ekybackend\\server\\node_modules\\router\\index.js:297:9\n    at processParams (C:\\Users\\HP\\Desktop\\ekybackend\\server\\node_modules\\router\\index.js:582:12)\n    at next (C:\\Users\\HP\\Desktop\\ekybackend\\server\\node_modules\\router\\index.js:291:5)\n    at C:\\Users\\HP\\Desktop\\ekybackend\\server\\node_modules\\router\\index.js:688:15\n    at next (C:\\Users\\HP\\Desktop\\ekybackend\\server\\node_modules\\router\\index.js:276:14)\n    at router.handle (C:\\Users\\HP\\Desktop\\ekybackend\\server\\node_modules\\router\\index.js:186:3)\n    at router (C:\\Users\\HP\\Desktop\\ekybackend\\server\\node_modules\\router\\index.js:60:12)","statusCode":404,"timestamp":"2026-04-13T04:03:01.221Z"}
{"code":null,"level":"error","message":"Route /api/v1/kyc/data/TXN-2542e11e-e1f9-4bc9-a0bf-37bab3caba91 not found","stack":"Error: Route /api/v1/kyc/data/TXN-2542e11e-e1f9-4bc9-a0bf-37bab3caba91 not found\n    at C:\\Users\\HP\\Desktop\\ekybackend\\server\\src\\app.js:26:8\n    at Layer.handleRequest (C:\\Users\\HP\\Desktop\\ekybackend\\server\\node_modules\\router\\lib\\layer.js:152:17)\n    at trimPrefix (C:\\Users\\HP\\Desktop\\ekybackend\\server\\node_modules\\router\\index.js:342:13)\n    at C:\\Users\\HP\\Desktop\\ekybackend\\server\\node_modules\\router\\index.js:297:9\n    at processParams (C:\\Users\\HP\\Desktop\\ekybackend\\server\\node_modules\\router\\index.js:582:12)\n    at next (C:\\Users\\HP\\Desktop\\ekybackend\\server\\node_modules\\router\\index.js:291:5)\n    at C:\\Users\\HP\\Desktop\\ekybackend\\server\\node_modules\\router\\index.js:688:15\n    at next (C:\\Users\\HP\\Desktop\\ekybackend\\server\\node_modules\\router\\index.js:276:14)\n    at router.handle (C:\\Users\\HP\\Desktop\\ekybackend\\server\\node_modules\\router\\index.js:186:3)\n    at router (C:\\Users\\HP\\Desktop\\ekybackend\\server\\node_modules\\router\\index.js:60:12)","statusCode":404,"timestamp":"2026-04-13T04:03:24.233Z"}
{"code":null,"level":"error","message":"Route /api/v1/kyc/initiate not found","stack":"Error: Route /api/v1/kyc/initiate not found\n    at C:\\Users\\HP\\Desktop\\ekybackend\\server\\src\\app.js:26:8\n    at Layer.handleRequest (C:\\Users\\HP\\Desktop\\ekybackend\\server\\node_modules\\router\\lib\\layer.js:152:17)\n    at trimPrefix (C:\\Users\\HP\\Desktop\\ekybackend\\server\\node_modules\\router\\index.js:342:13)\n    at C:\\Users\\HP\\Desktop\\ekybackend\\server\\node_modules\\router\\index.js:297:9\n    at processParams (C:\\Users\\HP\\Desktop\\ekybackend\\server\\node_modules\\router\\index.js:582:12)\n    at next (C:\\Users\\HP\\Desktop\\ekybackend\\server\\node_modules\\router\\index.js:291:5)\n    at C:\\Users\\HP\\Desktop\\ekybackend\\server\\node_modules\\router\\index.js:688:15\n    at next (C:\\Users\\HP\\Desktop\\ekybackend\\server\\node_modules\\router\\index.js:276:14)\n    at router.handle (C:\\Users\\HP\\Desktop\\ekybackend\\server\\node_modules\\router\\index.js:186:3)\n    at router (C:\\Users\\HP\\Desktop\\ekybackend\\server\\node_modules\\router\\index.js:60:12)","statusCode":404,"timestamp":"2026-04-13T04:05:50.937Z"}
{"level":"info","message":"Server running on port 5000","timestamp":"2026-04-13T04:08:01.203Z"}
{"level":"info","message":"MongoDB connected: localhost","timestamp":"2026-04-13T04:08:01.229Z"}
{"code":null,"level":"error","message":"Route /api/v1/kyc/data/TXN-2542e11e-e1f9-4bc9-a0bf-37bab3caba91 not found","stack":"Error: Route /api/v1/kyc/data/TXN-2542e11e-e1f9-4bc9-a0bf-37bab3caba91 not found\n    at C:\\Users\\HP\\Desktop\\ekybackend\\server\\src\\app.js:26:8\n    at Layer.handle [as handle_request] (C:\\Users\\HP\\Desktop\\ekybackend\\server\\node_modules\\express\\lib\\router\\layer.js:95:5)\n    at trim_prefix (C:\\Users\\HP\\Desktop\\ekybackend\\server\\node_modules\\express\\lib\\router\\index.js:328:13)\n    at C:\\Users\\HP\\Desktop\\ekybackend\\server\\node_modules\\express\\lib\\router\\index.js:286:9\n    at router.process_params (C:\\Users\\HP\\Desktop\\ekybackend\\server\\node_modules\\express\\lib\\router\\index.js:346:12)\n    at next (C:\\Users\\HP\\Desktop\\ekybackend\\server\\node_modules\\express\\lib\\router\\index.js:280:10)\n    at C:\\Users\\HP\\Desktop\\ekybackend\\server\\node_modules\\express\\lib\\router\\index.js:646:15\n    at next (C:\\Users\\HP\\Desktop\\ekybackend\\server\\node_modules\\express\\lib\\router\\index.js:265:14)\n    at router.handle (C:\\Users\\HP\\Desktop\\ekybackend\\server\\node_modules\\express\\lib\\router\\index.js:175:3)\n    at router (C:\\Users\\HP\\Desktop\\ekybackend\\server\\node_modules\\express\\lib\\router\\index.js:47:12)","statusCode":404,"timestamp":"2026-04-13T04:09:12.270Z"}
{"level":"info","message":"Server running on port 5000","timestamp":"2026-04-13T04:16:21.490Z"}
{"level":"info","message":"MongoDB connected: localhost","timestamp":"2026-04-13T04:16:21.524Z"}
{"code":null,"level":"error","message":"Route /api/v1/kyc/data/TXN-2542e11e-e1f9-4bc9-a0bf-37bab3caba91 not found","stack":"Error: Route /api/v1/kyc/data/TXN-2542e11e-e1f9-4bc9-a0bf-37bab3caba91 not found\n    at C:\\Users\\HP\\Desktop\\ekybackend\\server\\src\\app.js:26:8\n    at Layer.handle [as handle_request] (C:\\Users\\HP\\Desktop\\ekybackend\\server\\node_modules\\express\\lib\\router\\layer.js:95:5)\n    at trim_prefix (C:\\Users\\HP\\Desktop\\ekybackend\\server\\node_modules\\express\\lib\\router\\index.js:328:13)\n    at C:\\Users\\HP\\Desktop\\ekybackend\\server\\node_modules\\express\\lib\\router\\index.js:286:9\n    at router.process_params (C:\\Users\\HP\\Desktop\\ekybackend\\server\\node_modules\\express\\lib\\router\\index.js:346:12)\n    at next (C:\\Users\\HP\\Desktop\\ekybackend\\server\\node_modules\\express\\lib\\router\\index.js:280:10)\n    at C:\\Users\\HP\\Desktop\\ekybackend\\server\\node_modules\\express\\lib\\router\\index.js:646:15\n    at next (C:\\Users\\HP\\Desktop\\ekybackend\\server\\node_modules\\express\\lib\\router\\index.js:265:14)\n    at router.handle (C:\\Users\\HP\\Desktop\\ekybackend\\server\\node_modules\\express\\lib\\router\\index.js:175:3)\n    at router (C:\\Users\\HP\\Desktop\\ekybackend\\server\\node_modules\\express\\lib\\router\\index.js:47:12)","statusCode":404,"timestamp":"2026-04-13T04:16:29.390Z"}
{"level":"info","message":"Server running on port 5000","timestamp":"2026-04-13T04:17:43.098Z"}
{"level":"info","message":"MongoDB connected: localhost","timestamp":"2026-04-13T04:17:43.137Z"}
{"level":"info","message":"Server running on port 5000","timestamp":"2026-04-13T04:18:02.260Z"}
{"level":"info","message":"MongoDB connected: localhost","timestamp":"2026-04-13T04:18:02.352Z"}
{"level":"info","message":"Server running on port 5000","timestamp":"2026-04-13T04:18:07.877Z"}
{"level":"info","message":"MongoDB connected: localhost","timestamp":"2026-04-13T04:18:07.906Z"}
{"level":"info","message":"Server running on port 5000","timestamp":"2026-04-13T04:18:33.465Z"}
{"level":"info","message":"MongoDB connected: localhost","timestamp":"2026-04-13T04:18:33.494Z"}
{"level":"info","message":"Server running on port 5000","timestamp":"2026-04-13T04:18:38.756Z"}
{"level":"info","message":"MongoDB connected: localhost","timestamp":"2026-04-13T04:18:38.787Z"}
{"level":"info","message":"Server running on port 5000","timestamp":"2026-04-13T06:21:40.293Z"}
{"level":"info","message":"MongoDB connected: localhost","timestamp":"2026-04-13T06:21:40.340Z"}
{"level":"debug","message":"[MOCK PROVIDER] OTP for 0123: 188546","timestamp":"2026-04-13T06:25:49.693Z"}
{"level":"info","message":"KYC initiated — txnId: TXN-7bb290f2-09d6-4ae1-9c32-14f04f858755","timestamp":"2026-04-13T06:25:49.746Z"}
{"level":"info","message":"KYC verified and stored — txnId: TXN-7bb290f2-09d6-4ae1-9c32-14f04f858755","timestamp":"2026-04-13T06:27:01.402Z"}
{"level":"debug","message":"[MOCK PROVIDER] OTP for 0123: 867072","timestamp":"2026-04-13T06:31:44.793Z"}
{"level":"info","message":"KYC initiated — txnId: TXN-a1c9ce90-3032-4c31-ae4e-f9ee7a48d27d","timestamp":"2026-04-13T06:31:44.804Z"}
{"level":"info","message":"KYC verified and stored — txnId: TXN-a1c9ce90-3032-4c31-ae4e-f9ee7a48d27d","timestamp":"2026-04-13T06:32:46.614Z"}
{"code":null,"level":"error","message":"Route /api/v1/kyc/data/TXN-a1c9ce90-3032-4c31-ae4e-f9ee7a48d27d not found","stack":"Error: Route /api/v1/kyc/data/TXN-a1c9ce90-3032-4c31-ae4e-f9ee7a48d27d not found\n    at C:\\Users\\HP\\Desktop\\ekybackend\\server\\src\\app.js:26:8\n    at Layer.handle [as handle_request] (C:\\Users\\HP\\Desktop\\ekybackend\\server\\node_modules\\express\\lib\\router\\layer.js:95:5)\n    at trim_prefix (C:\\Users\\HP\\Desktop\\ekybackend\\server\\node_modules\\express\\lib\\router\\index.js:328:13)\n    at C:\\Users\\HP\\Desktop\\ekybackend\\server\\node_modules\\express\\lib\\router\\index.js:286:9\n    at router.process_params (C:\\Users\\HP\\Desktop\\ekybackend\\server\\node_modules\\express\\lib\\router\\index.js:346:12)\n    at next (C:\\Users\\HP\\Desktop\\ekybackend\\server\\node_modules\\express\\lib\\router\\index.js:280:10)\n    at C:\\Users\\HP\\Desktop\\ekybackend\\server\\node_modules\\express\\lib\\router\\index.js:646:15\n    at next (C:\\Users\\HP\\Desktop\\ekybackend\\server\\node_modules\\express\\lib\\router\\index.js:265:14)\n    at router.handle (C:\\Users\\HP\\Desktop\\ekybackend\\server\\node_modules\\express\\lib\\router\\index.js:175:3)\n    at router (C:\\Users\\HP\\Desktop\\ekybackend\\server\\node_modules\\express\\lib\\router\\index.js:47:12)","statusCode":404,"timestamp":"2026-04-13T06:33:10.045Z"}
{"level":"info","message":"Server running on port 5000","timestamp":"2026-04-19T05:45:56.514Z"}
{"level":"info","message":"MongoDB connected: localhost","timestamp":"2026-04-19T05:45:56.541Z"}
{"level":"info","message":"Cleanup: deleted orphaned photo — TXN-2542e11e-e1f9-4bc9-a0bf-37bab3caba91.jpg","timestamp":"2026-04-19T05:45:56.553Z"}
{"level":"info","message":"Cleanup: deleted orphaned photo — TXN-7bb290f2-09d6-4ae1-9c32-14f04f858755.jpg","timestamp":"2026-04-19T05:45:56.554Z"}
{"level":"info","message":"Cleanup: deleted orphaned photo — TXN-a1c9ce90-3032-4c31-ae4e-f9ee7a48d27d.jpg","timestamp":"2026-04-19T05:45:56.554Z"}
{"level":"info","message":"Cleanup job completed — 3 file(s) deleted","timestamp":"2026-04-19T05:45:56.555Z"}
{"level":"debug","message":"[MOCK PROVIDER] OTP for 0123: 618380","timestamp":"2026-04-19T06:42:51.674Z"}
{"level":"info","message":"KYC initiated — txnId: TXN-5bea2183-0953-4432-a038-c1fb1b8a5d41","timestamp":"2026-04-19T06:42:51.746Z"}
{"code":"SESSION_NOT_FOUND","level":"error","message":"Session not found or already expired","stack":"Error: Session not found or already expired\n    at Object.verifyOtp (C:\\Users\\HP\\Desktop\\ekybackend\\server\\src\\services\\kyc.service.js:81:11)\n    at process.processTicksAndRejections (node:internal/process/task_queues:104:5)\n    at async verifyOtp (C:\\Users\\HP\\Desktop\\ekybackend\\server\\src\\controllers\\kyc.controller.js:28:20)","statusCode":404,"timestamp":"2026-04-19T06:43:52.851Z"}
{"level":"info","message":"KYC verified and stored — txnId: TXN-5bea2183-0953-4432-a038-c1fb1b8a5d41","timestamp":"2026-04-19T06:44:14.594Z"}
{"level":"debug","message":"[MOCK PROVIDER] OTP for 0123: 885515","timestamp":"2026-04-19T06:52:36.810Z"}
{"level":"info","message":"KYC initiated — txnId: TXN-1f6b0d9c-691b-49c9-8cef-de55f53b4a8d","timestamp":"2026-04-19T06:52:36.814Z"}
{"level":"debug","message":"[MOCK PROVIDER] OTP for 0123: 245486","timestamp":"2026-04-19T06:52:37.676Z"}
{"level":"info","message":"KYC initiated — txnId: TXN-75b3ec24-c35c-4de2-8153-6b7a09d6c12d","timestamp":"2026-04-19T06:52:37.679Z"}
{"level":"debug","message":"[MOCK PROVIDER] OTP for 0123: 644650","timestamp":"2026-04-19T06:52:38.339Z"}
{"level":"info","message":"KYC initiated — txnId: TXN-b19412ab-33e9-4089-83a8-c1d3b7bf5064","timestamp":"2026-04-19T06:52:38.343Z"}
{"level":"debug","message":"[MOCK PROVIDER] OTP for 0123: 974111","timestamp":"2026-04-19T06:52:38.891Z"}
{"level":"info","message":"KYC initiated — txnId: TXN-61873d7c-06da-4c02-b1d9-84111c345219","timestamp":"2026-04-19T06:52:38.894Z"}
{"level":"debug","message":"[MOCK PROVIDER] OTP for 0123: 594761","timestamp":"2026-04-19T06:52:39.899Z"}
{"level":"info","message":"KYC initiated — txnId: TXN-7f00aaa9-1844-4134-9ce6-e184f6bba1d9","timestamp":"2026-04-19T06:52:39.906Z"}
{"level":"debug","message":"[MOCK PROVIDER] OTP for 0123: 341813","timestamp":"2026-04-19T06:52:40.893Z"}
{"level":"info","message":"KYC initiated — txnId: TXN-40eb4949-4f19-4d15-81ca-d8f3a1dd4ce0","timestamp":"2026-04-19T06:52:40.900Z"}
{"level":"debug","message":"[MOCK PROVIDER] OTP for 0123: 748263","timestamp":"2026-04-19T06:52:41.888Z"}
{"level":"info","message":"KYC initiated — txnId: TXN-5c83226b-53fb-4750-98fb-06139c93031d","timestamp":"2026-04-19T06:52:41.892Z"}
{"level":"debug","message":"[MOCK PROVIDER] OTP for 0123: 292598","timestamp":"2026-04-19T06:52:42.809Z"}
{"level":"info","message":"KYC initiated — txnId: TXN-bb348b79-c5e5-4b5e-93d6-6b3021c7cc75","timestamp":"2026-04-19T06:52:42.815Z"}
{"level":"debug","message":"[MOCK PROVIDER] OTP for 0123: 419835","timestamp":"2026-04-19T06:52:43.839Z"}
{"level":"info","message":"KYC initiated — txnId: TXN-df8f4111-bc64-42ce-bceb-dace967039fd","timestamp":"2026-04-19T06:52:43.859Z"}
{"level":"debug","message":"[MOCK PROVIDER] OTP for 0123: 381338","timestamp":"2026-04-19T06:52:44.859Z"}
{"level":"info","message":"KYC initiated — txnId: TXN-f3d53cc6-1b60-43a7-b210-b34ea8db310b","timestamp":"2026-04-19T06:52:44.864Z"}
{"level":"info","message":"Server running on port 5000","timestamp":"2026-04-19T06:55:35.530Z"}
{"level":"info","message":"MongoDB connected: localhost","timestamp":"2026-04-19T06:55:35.563Z"}
{"code":null,"level":"error","message":"Route /api/v1/kyc/test-cleanup not found","stack":"Error: Route /api/v1/kyc/test-cleanup not found\n    at C:\\Users\\HP\\Desktop\\ekybackend\\server\\src\\app.js:34:8\n    at Layer.handle [as handle_request] (C:\\Users\\HP\\Desktop\\ekybackend\\server\\node_modules\\express\\lib\\router\\layer.js:95:5)\n    at trim_prefix (C:\\Users\\HP\\Desktop\\ekybackend\\server\\node_modules\\express\\lib\\router\\index.js:328:13)\n    at C:\\Users\\HP\\Desktop\\ekybackend\\server\\node_modules\\express\\lib\\router\\index.js:286:9\n    at router.process_params (C:\\Users\\HP\\Desktop\\ekybackend\\server\\node_modules\\express\\lib\\router\\index.js:346:12)\n    at next (C:\\Users\\HP\\Desktop\\ekybackend\\server\\node_modules\\express\\lib\\router\\index.js:280:10)\n    at C:\\Users\\HP\\Desktop\\ekybackend\\server\\node_modules\\express\\lib\\router\\index.js:646:15\n    at next (C:\\Users\\HP\\Desktop\\ekybackend\\server\\node_modules\\express\\lib\\router\\index.js:265:14)\n    at router.handle (C:\\Users\\HP\\Desktop\\ekybackend\\server\\node_modules\\express\\lib\\router\\index.js:175:3)\n    at router (C:\\Users\\HP\\Desktop\\ekybackend\\server\\node_modules\\express\\lib\\router\\index.js:47:12)","statusCode":404,"timestamp":"2026-04-19T07:08:03.629Z"}
{"level":"info","message":"Cleanup: deleted orphaned photo — TXN-5bea2183-0953-4432-a038-c1fb1b8a5d41.jpg","timestamp":"2026-04-19T07:08:39.527Z"}
{"level":"info","message":"Cleanup job completed — 1 file(s) deleted","timestamp":"2026-04-19T07:08:39.530Z"}
